<?xml version="1.0" encoding="UTF-8"?>
<testsuite xmlns:xsi="http://www.w3.org/2001/XMLSchema-instance" xsi:noNamespaceSchemaLocation="https://maven.apache.org/surefire/maven-surefire-plugin/xsd/surefire-test-report.xsd" version="3.0.2" name="org.example.StreamLambdaHandlerTest" time="0.997" tests="2" errors="0" skipped="0" failures="0">
  <properties>
[...]
</properties>
  <testcase name="ping_streamRequest_respondsWithHello" classname="org.example.StreamLambdaHandlerTest" time="0.038">
    <system-out><![CDATA[19:59:56.813 [main] INFO com.amazonaws.serverless.proxy.internal.LambdaContainerHandler -- Starting Lambda Container Handler

  .   ____          _            __ _ _
 /\\ / ___'_ __ _ _(_)_ __  __ _ \ \ \ \
( ( )\___ | '_ | '_| | '_ \/ _` | \ \ \ \
 \\/  ___)| |_)| | | | | || (_| |  ) ) ) )
  '  |____| .__|_| |_|_| |_\__, | / / / /
 =========|_|==============|___/=/_/_/_/

 :: Spring Boot ::                (v3.4.5)

]]></system-out>
  </testcase>
  <testcase name="invalidResource_streamRequest_responds404" classname="org.example.StreamLambdaHandlerTest" time="0.003">
    <system-out><![CDATA[2025-09-12T19:59:57.710+05:30  WARN 87964 --- [           main] o.s.web.servlet.PageNotFound             : No mapping for GET /pong
2025-09-12T19:59:57.712+05:30  WARN 87964 --- [           main] o.s.web.servlet.PageNotFound             : No endpoint GET /pong.
]]></system-out>
  </testcase>
</testsuite>